TN:
SF:resources/js/Arabic.js
FN:4,(anonymous_0)
FN:11,(anonymous_1)
FN:23,(anonymous_2)
FN:46,(anonymous_3)
FNF:4
FNH:4
FNDA:19,(anonymous_0)
FNDA:31,(anonymous_1)
FNDA:31,(anonymous_2)
FNDA:24,(anonymous_3)
DA:1,1
DA:5,19
DA:6,4
DA:9,15
DA:10,15
DA:12,31
DA:16,15
DA:17,1
DA:20,14
DA:24,31
DA:25,19
DA:28,12
DA:29,1
DA:32,11
DA:33,3
DA:36,8
DA:37,5
DA:41,3
DA:42,3
DA:47,24
DA:48,24
DA:49,21
DA:51,24
DA:55,1
LF:24
LH:24
BRDA:5,0,0,4
BRDA:5,0,1,15
BRDA:5,1,0,19
BRDA:5,1,1,16
BRDA:16,2,0,1
BRDA:16,2,1,14
BRDA:16,3,0,15
BRDA:16,3,1,15
BRDA:24,4,0,19
BRDA:24,4,1,12
BRDA:28,5,0,1
BRDA:28,5,1,11
BRDA:32,6,0,3
BRDA:32,6,1,8
BRDA:36,7,0,5
BRDA:36,7,1,3
BRDA:36,8,0,8
BRDA:36,8,1,8
BRDA:41,9,0,3
BRF:19
BRH:19
end_of_record
