TN:
SF:resources/js/Arabic.js
FN:2,(anonymous_0)
FN:17,(anonymous_1)
FN:39,(anonymous_2)
FNF:3
FNH:3
FNDA:11,(anonymous_0)
FNDA:22,(anonymous_1)
FNDA:19,(anonymous_2)
DA:3,11
DA:4,11
DA:6,11
DA:7,11
DA:8,11
DA:10,11
DA:11,0
DA:14,11
DA:18,22
DA:19,16
DA:22,6
DA:23,1
DA:26,5
DA:27,1
DA:30,4
DA:31,3
DA:34,1
DA:35,1
DA:40,19
DA:41,19
DA:42,15
DA:44,19
DA:48,1
LF:23
LH:22
BRDA:10,0,0,0
BRDA:10,0,1,11
BRDA:18,1,0,16
BRDA:18,1,1,6
BRDA:22,2,0,1
BRDA:22,2,1,5
BRDA:26,3,0,1
BRDA:26,3,1,4
BRDA:30,4,0,3
BRDA:30,4,1,1
BRDA:30,5,0,4
BRDA:30,5,1,4
BRDA:34,6,0,1
BRDA:34,6,1,0
BRF:14
BRH:12
end_of_record
